<?xml version="1.0" encoding="UTF-8"?>
<testng-results ignored="0" total="1" passed="1" failed="0" skipped="0">
  <reporter-output>
  </reporter-output>
  <suite started-at="2021-01-26T20:27:41 MST" name="CucumberWithTestNg" finished-at="2021-01-26T20:27:45 MST" duration-ms="4738">
    <groups>
      <group name="cucumber">
        <method signature="AbstractTestNGCucumberTests.feature(cucumber.api.testng.CucumberFeatureWrapper)[pri:0, instance:student_runner.StudentQ2_runner@3a6bb9bf]" name="feature" class="cucumber.api.testng.AbstractTestNGCucumberTests"/>
      </group> <!-- cucumber -->
    </groups>
    <test started-at="2021-01-26T20:27:41 MST" name="chrometest" finished-at="2021-01-26T20:27:45 MST" duration-ms="4738">
      <class name="student_runner.StudentQ2_runner">
        <test-method is-config="true" signature="setUpClass()[pri:0, instance:student_runner.StudentQ2_runner@3a6bb9bf]" started-at="2021-01-26T20:27:41 MST" name="setUpClass" finished-at="2021-01-26T20:27:41 MST" duration-ms="279" status="PASS">
          <reporter-output>
          </reporter-output>
        </test-method> <!-- setUpClass -->
        <test-method signature="feature(cucumber.api.testng.CucumberFeatureWrapper)[pri:0, instance:student_runner.StudentQ2_runner@3a6bb9bf]" started-at="2021-01-26T20:27:41 MST" name="feature" description="Runs Cucumber Feature" data-provider="features" finished-at="2021-01-26T20:27:45 MST" duration-ms="4321" status="PASS">
          <params>
            <param index="0">
              <value>
                <![CDATA[Validate response from jsonholder webservice]]>
              </value>
            </param>
          </params>
          <reporter-output>
          </reporter-output>
        </test-method> <!-- feature -->
        <test-method is-config="true" signature="tearDownClass()[pri:0, instance:student_runner.StudentQ2_runner@3a6bb9bf]" started-at="2021-01-26T20:27:45 MST" name="tearDownClass" finished-at="2021-01-26T20:27:45 MST" duration-ms="20" status="PASS">
          <reporter-output>
          </reporter-output>
        </test-method> <!-- tearDownClass -->
      </class> <!-- student_runner.StudentQ2_runner -->
    </test> <!-- chrometest -->
  </suite> <!-- CucumberWithTestNg -->
</testng-results>
